<?xml version="1.0" encoding="UTF-8" ?>
<testsuites>
  <testsuite errors="0" failures="1" hostname="brn-PC" id="0" name="CampModuleProcessorTest" package="com.google.javascript.jscomp" tests="1" time="0.393" timestamp="2013-04-02T11:49:54">
      <properties>
[...]
</properties>

      <testcase classname="com.google.javascript.jscomp.CampModuleProcessorTest" name="testSimpleModule" time="0.355">
          <failure message="Unexpected error(s): JSC_MISSING_LINE_INFO. No source location information associated with CALL&#xa;    GETPROP&#xa;        NAME goog&#xa;        STRING provide&#xa;    STRING test.foo.bar.baz.Test&#xa;.&#xa;Most likely a Node has been created with settings the source file and line/column location.  Usually this is done using Node.copyInformationFrom and supplying a Node from the source AST. at (unknown source) line (unknown line) : (unknown column)&#xa;JSC_MISSING_LINE_INFO. No source location information associated with EXPR_RESULT&#xa;    CALL&#xa;        GETPROP&#xa;            NAME goog&#xa;            STRING provide&#xa;        STRING test.foo.bar.baz.Test&#xa;.&#xa;Most likely a Node has been created with settings the source file and line/column location.  Usually this is done using Node.copyInformationFrom and supplying a Node from the source AST. at (unknown source) line (unknown line) : (unknown column)&#xa;JSC_MISSING_LINE_INFO. No source location information associated with GETPROP&#xa;    NAME goog&#xa;    STRING provide&#xa;.&#xa;Most likely a Node has been created with settings the source file and line/column location.  Usually this is done using Node.copyInformationFrom and supplying a Node from the source AST. at (unknown source) line (unknown line) : (unknown column)&#xa;JSC_MISSING_LINE_INFO. No source location information associated with NAME goog&#xa;.&#xa;Most likely a Node has been created with settings the source file and line/column location.  Usually this is done using Node.copyInformationFrom and supplying a Node from the source AST. at (unknown source) line (unknown line) : (unknown column)&#xa;JSC_MISSING_LINE_INFO. No source location information associated with STRING provide&#xa;.&#xa;Most likely a Node has been created with settings the source file and line/column location.  Usually this is done using Node.copyInformationFrom and supplying a Node from the source AST. at (unknown source) line (unknown line) : (unknown column)&#xa;JSC_MISSING_LINE_INFO. No source location information associated with STRING test.foo.bar.baz.Test&#xa;.&#xa;Most likely a Node has been created with settings the source file and line/column location.  Usually this is done using Node.copyInformationFrom and supplying a Node from the source AST. at (unknown source) line (unknown line) : (unknown column) expected:&lt;0&gt; but was:&lt;6&gt;" type="junit.framework.AssertionFailedError">junit.framework.AssertionFailedError: Unexpected error(s): JSC_MISSING_LINE_INFO. No source location information associated with CALL
    GETPROP
        NAME goog
        STRING provide
    STRING test.foo.bar.baz.Test
.
Most likely a Node has been created with settings the source file and line/column location.  Usually this is done using Node.copyInformationFrom and supplying a Node from the source AST. at (unknown source) line (unknown line) : (unknown column)
JSC_MISSING_LINE_INFO. No source location information associated with EXPR_RESULT
    CALL
        GETPROP
            NAME goog
            STRING provide
        STRING test.foo.bar.baz.Test
.
Most likely a Node has been created with settings the source file and line/column location.  Usually this is done using Node.copyInformationFrom and supplying a Node from the source AST. at (unknown source) line (unknown line) : (unknown column)
JSC_MISSING_LINE_INFO. No source location information associated with GETPROP
    NAME goog
    STRING provide
.
Most likely a Node has been created with settings the source file and line/column location.  Usually this is done using Node.copyInformationFrom and supplying a Node from the source AST. at (unknown source) line (unknown line) : (unknown column)
JSC_MISSING_LINE_INFO. No source location information associated with NAME goog
.
Most likely a Node has been created with settings the source file and line/column location.  Usually this is done using Node.copyInformationFrom and supplying a Node from the source AST. at (unknown source) line (unknown line) : (unknown column)
JSC_MISSING_LINE_INFO. No source location information associated with STRING provide
.
Most likely a Node has been created with settings the source file and line/column location.  Usually this is done using Node.copyInformationFrom and supplying a Node from the source AST. at (unknown source) line (unknown line) : (unknown column)
JSC_MISSING_LINE_INFO. No source location information associated with STRING test.foo.bar.baz.Test
.
Most likely a Node has been created with settings the source file and line/column location.  Usually this is done using Node.copyInformationFrom and supplying a Node from the source AST. at (unknown source) line (unknown line) : (unknown column) expected:&lt;0&gt; but was:&lt;6&gt;
	at com.google.javascript.jscomp.CompilerTestCase.test(CompilerTestCase.java:825)
	at com.google.javascript.jscomp.CompilerTestCase.test(CompilerTestCase.java:447)
	at com.google.javascript.jscomp.CompilerTestCase.test(CompilerTestCase.java:373)
	at com.google.javascript.jscomp.CompilerTestCase.test(CompilerTestCase.java:342)
	at com.google.javascript.jscomp.CompilerTestCase.test(CompilerTestCase.java:330)
	at com.google.javascript.jscomp.CampModuleProcessorTest.doTest(CampModuleProcessorTest.java:16)
	at com.google.javascript.jscomp.CampModuleProcessorTest.testSimpleModule(CampModuleProcessorTest.java:20)
</failure>

      </testcase>

      <system-out><![CDATA[]]></system-out>

      <system-err><![CDATA[]]></system-err>

  </testsuite>
  <testsuite errors="0" failures="0" hostname="brn-PC" id="1" name="ScopedAliases2Test" package="com.google.javascript.jscomp" tests="1" time="0.021" timestamp="2013-04-02T11:49:54">
      <properties>
[...]
</properties>

      <testcase classname="com.google.javascript.jscomp.ScopedAliases2Test" name="testOneLevel" time="0.017" />

      <system-out><![CDATA[]]></system-out>

      <system-err><![CDATA[]]></system-err>

  </testsuite>
</testsuites>
